Determining if the pthread_create exist failed with the following output:
Change Dir: /home/generin/git/theprobe_learnsdl/build/CMakeFiles/CMakeTmp

Run Build Command:"/usr/bin/make" "cmTC_5fff0/fast"
/usr/bin/make -f CMakeFiles/cmTC_5fff0.dir/build.make CMakeFiles/cmTC_5fff0.dir/build
make[1]: Entering directory '/home/generin/git/theprobe_learnsdl/build/CMakeFiles/CMakeTmp'
Building C object CMakeFiles/cmTC_5fff0.dir/CheckSymbolExists.c.o
/usr/bin/cc    -o CMakeFiles/cmTC_5fff0.dir/CheckSymbolExists.c.o   -c /home/generin/git/theprobe_learnsdl/build/CMakeFiles/CMakeTmp/CheckSymbolExists.c
Linking C executable cmTC_5fff0
/usr/bin/cmake -E cmake_link_script CMakeFiles/cmTC_5fff0.dir/link.txt --verbose=1
/usr/bin/cc      CMakeFiles/cmTC_5fff0.dir/CheckSymbolExists.c.o  -o cmTC_5fff0 
CMakeFiles/cmTC_5fff0.dir/CheckSymbolExists.c.o: In function `main':
CheckSymbolExists.c:(.text+0x1b): undefined reference to `pthread_create'
collect2: error: ld returned 1 exit status
CMakeFiles/cmTC_5fff0.dir/build.make:97: recipe for target 'cmTC_5fff0' failed
make[1]: *** [cmTC_5fff0] Error 1
make[1]: Leaving directory '/home/generin/git/theprobe_learnsdl/build/CMakeFiles/CMakeTmp'
Makefile:126: recipe for target 'cmTC_5fff0/fast' failed
make: *** [cmTC_5fff0/fast] Error 2

File /home/generin/git/theprobe_learnsdl/build/CMakeFiles/CMakeTmp/CheckSymbolExists.c:
/* */
#include <pthread.h>

int main(int argc, char** argv)
{
  (void)argv;
#ifndef pthread_create
  return ((int*)(&pthread_create))[argc];
#else
  (void)argc;
  return 0;
#endif
}

Determining if the function pthread_create exists in the pthreads failed with the following output:
Change Dir: /home/generin/git/theprobe_learnsdl/build/CMakeFiles/CMakeTmp

Run Build Command:"/usr/bin/make" "cmTC_d8378/fast"
/usr/bin/make -f CMakeFiles/cmTC_d8378.dir/build.make CMakeFiles/cmTC_d8378.dir/build
make[1]: Entering directory '/home/generin/git/theprobe_learnsdl/build/CMakeFiles/CMakeTmp'
Building C object CMakeFiles/cmTC_d8378.dir/CheckFunctionExists.c.o
/usr/bin/cc   -DCHECK_FUNCTION_EXISTS=pthread_create   -o CMakeFiles/cmTC_d8378.dir/CheckFunctionExists.c.o   -c /usr/share/cmake-3.10/Modules/CheckFunctionExists.c
Linking C executable cmTC_d8378
/usr/bin/cmake -E cmake_link_script CMakeFiles/cmTC_d8378.dir/link.txt --verbose=1
/usr/bin/cc  -DCHECK_FUNCTION_EXISTS=pthread_create    CMakeFiles/cmTC_d8378.dir/CheckFunctionExists.c.o  -o cmTC_d8378 -lpthreads 
/usr/bin/ld: cannot find -lpthreads
collect2: error: ld returned 1 exit status
CMakeFiles/cmTC_d8378.dir/build.make:97: recipe for target 'cmTC_d8378' failed
make[1]: *** [cmTC_d8378] Error 1
make[1]: Leaving directory '/home/generin/git/theprobe_learnsdl/build/CMakeFiles/CMakeTmp'
Makefile:126: recipe for target 'cmTC_d8378/fast' failed
make: *** [cmTC_d8378/fast] Error 2


